f:\工程实践\工程实践\monitor\debug\vc141.pdb
f:\工程实践\工程实践\monitor\debug\vc141.idb
f:\工程实践\工程实践\monitor\debug\monitor.obj
f:\工程实践\工程实践\monitor\debug\monitordlg.obj
f:\工程实践\工程实践\monitor\debug\analysis.obj
f:\工程实践\工程实践\monitor\debug\monitor.pch
f:\工程实践\工程实践\monitor\debug\stdafx.obj
f:\工程实践\工程实践\monitor\debug\csend.obj
f:\工程实践\工程实践\debug\monitor.ilk
f:\工程实践\工程实践\debug\monitor.exe
f:\工程实践\工程实践\debug\monitor.pdb
f:\工程实践\工程实践\monitor\debug\monitor.res
f:\工程实践\工程实践\monitor\debug\monitor.tlog\cl.command.1.tlog
f:\工程实践\工程实践\monitor\debug\monitor.tlog\cl.read.1.tlog
f:\工程实践\工程实践\monitor\debug\monitor.tlog\cl.write.1.tlog
f:\工程实践\工程实践\monitor\debug\monitor.tlog\link.command.1.tlog
f:\工程实践\工程实践\monitor\debug\monitor.tlog\link.read.1.tlog
f:\工程实践\工程实践\monitor\debug\monitor.tlog\link.write.1.tlog
f:\工程实践\工程实践\monitor\debug\monitor.tlog\rc.command.1.tlog
f:\工程实践\工程实践\monitor\debug\monitor.tlog\rc.read.1.tlog
f:\工程实践\工程实践\monitor\debug\monitor.tlog\rc.write.1.tlog
