f:\工程实践\工程实践\monitor\release\monitor.pch
f:\工程实践\工程实践\monitor\release\vc141.pdb
f:\工程实践\工程实践\monitor\release\stdafx.obj
f:\工程实践\工程实践\monitor\release\monitordlg.obj
f:\工程实践\工程实践\monitor\release\monitor.obj
f:\工程实践\工程实践\monitor\release\csend.obj
f:\工程实践\工程实践\monitor\release\analysis.obj
f:\工程实践\工程实践\release\monitor.exe
f:\工程实践\工程实践\release\monitor.pdb
f:\工程实践\工程实践\release\monitor.ipdb
f:\工程实践\工程实践\release\monitor.iobj
f:\工程实践\工程实践\monitor\release\monitor.res
f:\工程实践\工程实践\monitor\release\monitor.tlog\cl.command.1.tlog
f:\工程实践\工程实践\monitor\release\monitor.tlog\cl.read.1.tlog
f:\工程实践\工程实践\monitor\release\monitor.tlog\cl.write.1.tlog
f:\工程实践\工程实践\monitor\release\monitor.tlog\link.command.1.tlog
f:\工程实践\工程实践\monitor\release\monitor.tlog\link.read.1.tlog
f:\工程实践\工程实践\monitor\release\monitor.tlog\link.write.1.tlog
f:\工程实践\工程实践\monitor\release\monitor.tlog\monitor.write.1u.tlog
f:\工程实践\工程实践\monitor\release\monitor.tlog\rc.command.1.tlog
f:\工程实践\工程实践\monitor\release\monitor.tlog\rc.read.1.tlog
f:\工程实践\工程实践\monitor\release\monitor.tlog\rc.write.1.tlog
